proguard/seeds.txt
it.sineo.android.tileMapEditor.TiledMapView
it.sineo.android.tileMapEditor.TiledMapView: TiledMapView(android.content.Context,android.util.AttributeSet)
it.sineo.android.tileMapEditor.TiledMapView
it.sineo.android.tileMapEditor.TiledMapView: TiledMapView(android.content.Context,android.util.AttributeSet,int)
it.sineo.android.tileMapEditor.AboutActivity
it.sineo.android.tileMapEditor.TiledMapActivity
it.sineo.android.tileMapEditor.HomeActivity
it.sineo.android.tileMapEditor.SettingsActivity
it.sineo.android.tileMapEditor.TileMapContentProvider
...
android.support.v4.view.ViewPager
android.support.v4.view.ViewPager: ViewPager(android.content.Context,android.util.AttributeSet)
com.actionbarsherlock.internal.view.menu.ActionMenuItemView
com.actionbarsherlock.internal.view.menu.ActionMenuItemView: ActionMenuItemView(android.content.Context,android.util.AttributeSet)
net.margaritov.preference.colorpicker.ColorPickerPreference
net.margaritov.preference.colorpicker.ColorPickerPreference: ColorPickerPreference(android.content.Context,android.util.AttributeSet)
com.actionbarsherlock.internal.nineoldandroids.view.NineViewGroup
com.actionbarsherlock.internal.nineoldandroids.view.NineViewGroup: NineViewGroup(android.content.Context,android.util.AttributeSet)
com.actionbarsherlock.app.ActionBar$LayoutParams
com.actionbarsherlock.app.ActionBar$LayoutParams: ActionBar$LayoutParams(android.content.Context,android.util.AttributeSet)
com.actionbarsherlock.internal.widget.IcsLinearLayout
com.actionbarsherlock.internal.widget.IcsLinearLayout: IcsLinearLayout(android.content.Context,android.util.AttributeSet)
com.actionbarsherlock.internal.nineoldandroids.view.NineViewGroup: NineViewGroup(android.content.Context,android.util.AttributeSet)
net.margaritov.preference.colorpicker.ColorPickerView
net.margaritov.preference.colorpicker.ColorPickerView: ColorPickerView(android.content.Context,android.util.AttributeSet)
com.actionbarsherlock.internal.widget.ActionBarContainer
com.actionbarsherlock.internal.widget.ActionBarContainer: ActionBarContainer(android.content.Context,android.util.AttributeSet)
com.actionbarsherlock.internal.nineoldandroids.widget.NineFrameLayout: NineFrameLayout(android.content.Context,android.util.AttributeSet)
android.support.v4.view.PagerTitleStrip
android.support.v4.view.PagerTitleStrip: PagerTitleStrip(android.content.Context,android.util.AttributeSet)
com.actionbarsherlock.internal.view.menu.ListMenuItemView
com.actionbarsherlock.internal.view.menu.ListMenuItemView: ListMenuItemView(android.content.Context,android.util.AttributeSet)
com.actionbarsherlock.internal.widget.IcsProgressBar
com.actionbarsherlock.internal.widget.IcsProgressBar: IcsProgressBar(android.content.Context,android.util.AttributeSet)
com.actionbarsherlock.internal.widget.ActionBarView$HomeView
com.actionbarsherlock.internal.widget.ActionBarView$HomeView: ActionBarView$HomeView(android.content.Context,android.util.AttributeSet)
com.actionbarsherlock.internal.view.menu.ActionMenuView
com.actionbarsherlock.internal.view.menu.ActionMenuView: ActionMenuView(android.content.Context,android.util.AttributeSet)
com.actionbarsherlock.internal.widget.IcsLinearLayout: IcsLinearLayout(android.content.Context,android.util.AttributeSet)
com.actionbarsherlock.internal.nineoldandroids.view.NineViewGroup: NineViewGroup(android.content.Context,android.util.AttributeSet)
net.margaritov.preference.colorpicker.ColorPickerPanelView
net.margaritov.preference.colorpicker.ColorPickerPanelView: ColorPickerPanelView(android.content.Context,android.util.AttributeSet)
com.quietlycoding.android.picker.NumberPicker
com.quietlycoding.android.picker.NumberPicker: NumberPicker(android.content.Context,android.util.AttributeSet)
com.actionbarsherlock.internal.widget.ActionBarView
com.actionbarsherlock.internal.widget.ActionBarView: ActionBarView(android.content.Context,android.util.AttributeSet)
com.actionbarsherlock.internal.widget.AbsActionBarView: AbsActionBarView(android.content.Context,android.util.AttributeSet)
com.actionbarsherlock.internal.nineoldandroids.view.NineViewGroup: NineViewGroup(android.content.Context,android.util.AttributeSet)
com.actionbarsherlock.internal.widget.ActionBarContextView
com.actionbarsherlock.internal.widget.ActionBarContextView: ActionBarContextView(android.content.Context,android.util.AttributeSet)
com.actionbarsherlock.internal.widget.AbsActionBarView: AbsActionBarView(android.content.Context,android.util.AttributeSet)