proguard/mapping.txt
it.sineo.android.tileMapEditor.AboutActivity -> it.sineo.android.tileMapEditor.AboutActivity:
    java.lang.String TAG -> a
    android.view.View tabInfo -> b
    android.view.View tabChangelog -> c
    android.view.View tabLicense -> d
    56:83:void onCreate(android.os.Bundle) -> onCreate
    86:137:android.view.View createTabContent(java.lang.String) -> createTabContent
    142:144:void onTabSelected(com.actionbarsherlock.app.ActionBar$Tab) -> a
    153:155:void onTabReselected(com.actionbarsherlock.app.ActionBar$Tab) -> b
    159:167:boolean onOptionsItemSelected(com.actionbarsherlock.view.MenuItem) -> b
it.sineo.android.tileMapEditor.C -> it.sineo.android.tileMapEditor.d:
    java.lang.String EXTRA_MAP_ROWS -> a
    java.lang.String EXTRA_MAP_COLUMNS -> b
    java.lang.String EXTRA_MAP_ID -> c
    java.lang.String EXTRA_MAP_BUNDLE -> h
    java.lang.String EXTRA_MAP_JSON -> d
    java.lang.String EXTRA_MAP_THUMB -> e
    java.lang.String AUTHORITY_MAP -> f
    android.net.Uri CONTENT_URI -> g
it.sineo.android.tileMapEditor.HomeActivity -> it.sineo.android.tileMapEditor.HomeActivity:
    java.lang.String TAG -> f
    android.widget.GridView gvPreview -> g
    android.view.View emptyGrid -> h
    it.sineo.android.tileMapEditor.MySimpleCursorAdapter adapter -> i
    android.app.ProgressDialog progressDialog -> j
    65:100:void onCreate(android.os.Bundle) -> onCreate
    107:114:android.support.v4.content.Loader onCreateLoader$e57f803() -> c_
    129:130:void onLoaderReset$5dda1f52() -> d_
    141:148:void onItemClick(android.widget.AdapterView,android.view.View,int,long) -> onItemClick
    152:153:void onDestroy() -> onDestroy
    157:160:void onCreateContextMenu(android.view.ContextMenu,android.view.View,android.view.ContextMenu$ContextMenuInfo) -> onCreateContextMenu
    164:172:boolean onContextItemSelected(android.view.MenuItem) -> onContextItemSelected
    178:180:boolean onCreateOptionsMenu(com.actionbarsherlock.view.Menu) -> c
    185:228:android.app.Dialog onCreateDialog(int) -> onCreateDialog
    233:250:boolean onOptionsItemSelected(com.actionbarsherlock.view.MenuItem) -> b
    256:282:void onActivityResult(int,int,android.content.Intent) -> onActivityResult
    1:1:void onLoadFinished$13079eae(java.lang.Object) -> a
it.sineo.android.tileMapEditor.HomeActivity$1 -> it.sineo.android.tileMapEditor.p:
    it.sineo.android.tileMapEditor.HomeActivity this$0 -> a
    74:75:void onClick(android.view.View) -> onClick
it.sineo.android.tileMapEditor.HomeActivity$2 -> it.sineo.android.tileMapEditor.o:
    it.sineo.android.tileMapEditor.HomeActivity this$0 -> a
    com.quietlycoding.android.picker.NumberPicker val$npRows -> b
    com.quietlycoding.android.picker.NumberPicker val$npColumns -> c
    202:216:void onClick(android.content.DialogInterface,int) -> onClick
it.sineo.android.tileMapEditor.ImageAdapter -> it.sineo.android.tileMapEditor.m:
    java.lang.String TAG -> a
    android.content.Context ctx -> b
    java.util.List images -> c
    java.util.Hashtable htImages -> d
    java.util.Random rand -> e
    53:53:void addFromAssets(java.lang.String) -> a
    76:76:int getCount() -> getCount
    81:88:java.lang.Object getItem(int) -> getItem
    94:94:long getItemId(int) -> getItemId
    100:124:android.view.View getView(int,android.view.View,android.view.ViewGroup) -> getView
it.sineo.android.tileMapEditor.MySimpleCursorAdapter -> it.sineo.android.tileMapEditor.b:
    java.lang.String TAG -> b
    java.text.SimpleDateFormat sdfLastUpdate -> c
    android.content.Context ctx -> d
    android.view.LayoutInflater inflater -> e
    java.util.Hashtable cache -> f
    java.util.Hashtable cacheValidity -> g
    43:95:android.view.View getView(int,android.view.View,android.view.ViewGroup) -> getView
it.sineo.android.tileMapEditor.MySimpleCursorAdapter$ViewHolder -> it.sineo.android.tileMapEditor.g:
    android.widget.TextView tvName -> a
    android.widget.TextView tvDate -> b
    android.widget.ImageView ivThumb -> c
...
com.actionbarsherlock.internal.app.ActionBarImpl -> com.actionbarsherlock.internal.a.d:
    android.content.Context mContext -> c
    android.content.Context mThemedContext -> d
    com.actionbarsherlock.internal.widget.ActionBarContainer mContainerView -> e
    com.actionbarsherlock.internal.widget.ActionBarView mActionView -> f
    com.actionbarsherlock.internal.widget.ActionBarContextView mContextView -> g
    com.actionbarsherlock.internal.widget.ActionBarContainer mSplitView -> h
    com.actionbarsherlock.internal.nineoldandroids.widget.NineFrameLayout mContentView -> i
    com.actionbarsherlock.internal.widget.ScrollingTabContainerView mTabScrollView -> j
    java.util.ArrayList mTabs -> k
    com.actionbarsherlock.internal.app.ActionBarImpl$TabImpl mSelectedTab -> l
    int mSavedTabPosition -> m
    com.actionbarsherlock.view.ActionMode mDeferredDestroyActionMode -> a
    com.actionbarsherlock.view.ActionMode$Callback mDeferredModeDestroyCallback -> b
    boolean mLastMenuVisibility -> n
    java.util.ArrayList mMenuVisibilityListeners -> o
    int mContextDisplayMode -> p
    boolean mHasEmbeddedTabs -> q
    android.os.Handler mHandler -> r
    com.actionbarsherlock.internal.nineoldandroids.animation.Animator mCurrentShowAnim -> s
    boolean mShowHideAnimationEnabled -> t
    com.actionbarsherlock.internal.nineoldandroids.animation.Animator$AnimatorListener mHideListener -> u
com.actionbarsherlock.internal.app.ActionBarImpl$1 -> com.actionbarsherlock.internal.a.a:
    com.actionbarsherlock.internal.app.ActionBarImpl this$0 -> a
    111:122:void onAnimationEnd(com.actionbarsherlock.internal.nineoldandroids.animation.Animator) -> b
com.actionbarsherlock.internal.app.ActionBarImpl$2 -> com.actionbarsherlock.internal.a.b:
    com.actionbarsherlock.internal.app.ActionBarImpl this$0 -> a
    128:130:void onAnimationEnd(com.actionbarsherlock.internal.nineoldandroids.animation.Animator) -> b
com.actionbarsherlock.internal.app.ActionBarImpl$TabImpl -> com.actionbarsherlock.internal.a.f:
    com.actionbarsherlock.app.ActionBar$TabListener mCallback -> a
    java.lang.Object mTag -> b
    android.graphics.drawable.Drawable mIcon -> c
    java.lang.CharSequence mText -> d
    java.lang.CharSequence mContentDesc -> e
    int mPosition -> f
    android.view.View mCustomView -> g
    com.actionbarsherlock.internal.app.ActionBarImpl this$0 -> h
    818:818:java.lang.Object getTag() -> e
    823:824:com.actionbarsherlock.app.ActionBar$Tab setTag(java.lang.Object) -> a
    828:828:com.actionbarsherlock.app.ActionBar$TabListener getCallback() -> h
    833:834:com.actionbarsherlock.app.ActionBar$Tab setTabListener(com.actionbarsherlock.app.ActionBar$TabListener) -> a
    839:839:android.view.View getCustomView() -> d
    859:859:android.graphics.drawable.Drawable getIcon() -> b
    864:864:int getPosition() -> a
    868:869:void setPosition(int) -> b
    873:873:java.lang.CharSequence getText() -> c
    901:901:com.actionbarsherlock.app.ActionBar$Tab setText(int) -> a
    906:907:void select() -> f
    925:925:java.lang.CharSequence getContentDescription() -> g