proguard/usage.txt
it.sineo.android.tileMapEditor.AboutActivity:
    private static final java.lang.String TAG_INFO
    private static final java.lang.String TAG_CHANGELOG
    private static final java.lang.String TAG_LICENSE
it.sineo.android.tileMapEditor.C:
    public static final boolean DEVELOPER_MODE
    public static final java.lang.String EXTERNAL_DIR
    public static final java.lang.String EXTERNAL_DIR_THUMBNAILS
    public static final int REQ_CODE_SHARE
    public static final int REQ_CODE_NEW_MAP
    public static final int REQ_CODE_EDIT_MAP
    public static final int DIALOG_NEW_MAP
    public static final int DIALOG_CONFIRM_SAVE_MAP
    public static final int DIALOG_RENAME_MAP
    public static final int DIALOG_LOADING_MAPS
    public static final java.lang.String PREFS_MAP_SHOW_GRID
    public static final boolean DEFAULT_MAP_SHOW_GRID
    public static final java.lang.String PREFS_EXPORT_SHOW_GRID
    public static final boolean DEFAULT_EXPORT_SHOW_GRID
    public static final java.lang.String PREFS_MAP_COLOR_EMPTY_TILE
    public static final int DEFAULT_MAP_COLOR_EMPTY_TILE
    public static final java.lang.String DATABASE_NAME
    public static final java.lang.String DATABASE_TABLE
    public static final int DATABASE_VERSION
    public static final int MATCH_MAPS
    public static final int MATCH_MAP_ID
    public static final java.lang.String CONTENT_MAP_BASE
    public static final java.lang.String CONTENT_TYPE_MAP
it.sineo.android.tileMapEditor.DatabaseAdapter
it.sineo.android.tileMapEditor.DatabaseAdapter$DatabaseHelper
it.sineo.android.tileMapEditor.R
it.sineo.android.tileMapEditor.R$attr
it.sineo.android.tileMapEditor.R$bool
it.sineo.android.tileMapEditor.R$color
it.sineo.android.tileMapEditor.R$dimen
it.sineo.android.tileMapEditor.R$drawable
it.sineo.android.tileMapEditor.R$id
it.sineo.android.tileMapEditor.R$integer
it.sineo.android.tileMapEditor.R$layout
it.sineo.android.tileMapEditor.R$menu
it.sineo.android.tileMapEditor.R$raw
it.sineo.android.tileMapEditor.R$string
it.sineo.android.tileMapEditor.R$style
it.sineo.android.tileMapEditor.R$styleable
it.sineo.android.tileMapEditor.R$xml
it.sineo.android.tileMapEditor.TileMap$Columns
it.sineo.android.tileMapEditor.TiledMapActivity:
    private static final java.lang.String TAG
it.sineo.android.tileMapEditor.TiledMapActivity$ExportMapAsyncTask:
    protected static final int MODE_SAVE
    protected static final int MODE_SHARE
it.sineo.android.tileMapEditor.TiledMapView:
    private static final float MIN_DISTANCE
    private static final float MIN_DISTANCE_TO_INVALIDATE
    400:401:public void removeTile(int,int)
...
android.support.v4.app.FragmentManager:
    public static final int POP_BACK_STACK_INCLUSIVE
    public abstract android.support.v4.app.FragmentTransaction beginTransaction()
    140:140:public android.support.v4.app.FragmentTransaction openTransaction()
    public abstract boolean executePendingTransactions()
    public abstract android.support.v4.app.Fragment findFragmentById(int)
    public abstract android.support.v4.app.Fragment findFragmentByTag(java.lang.String)
    public abstract void popBackStack()
    public abstract boolean popBackStackImmediate()
    public abstract void popBackStack(java.lang.String,int)
    public abstract boolean popBackStackImmediate(java.lang.String,int)
    public abstract void popBackStack(int,int)
    public abstract boolean popBackStackImmediate(int,int)
    public abstract int getBackStackEntryCount()
    public abstract android.support.v4.app.FragmentManager$BackStackEntry getBackStackEntryAt(int)
    public abstract void addOnBackStackChangedListener(android.support.v4.app.FragmentManager$OnBackStackChangedListener)
    public abstract void removeOnBackStackChangedListener(android.support.v4.app.FragmentManager$OnBackStackChangedListener)
    public abstract void putFragment(android.os.Bundle,java.lang.String,android.support.v4.app.Fragment)
    public abstract android.support.v4.app.Fragment getFragment(android.os.Bundle,java.lang.String)
android.support.v4.app.FragmentManager$BackStackEntry
android.support.v4.app.FragmentManagerImpl:
    static final java.lang.String TAG
    static final java.lang.String TARGET_REQUEST_CODE_STATE_TAG
    static final java.lang.String TARGET_STATE_TAG
    static final java.lang.String VIEW_STATE_TAG
    static final java.lang.String USER_VISIBLE_HINT_TAG
    static final int ANIM_DUR
    public static final int ANIM_STYLE_OPEN_ENTER
    public static final int ANIM_STYLE_OPEN_EXIT
    public static final int ANIM_STYLE_CLOSE_ENTER
    public static final int ANIM_STYLE_CLOSE_EXIT
    public static final int ANIM_STYLE_FADE_ENTER
    public static final int ANIM_STYLE_FADE_EXIT
    427:427:public android.support.v4.app.FragmentTransaction beginTransaction()
    437:442:public void popBackStack()
    453:458:public void popBackStack(java.lang.String,int)
    462:464:public boolean popBackStackImmediate(java.lang.String,int)
    469:477:public void popBackStack(int,int)
    481:486:public boolean popBackStackImmediate(int,int)
    491:491:public int getBackStackEntryCount()
    496:496:public android.support.v4.app.FragmentManager$BackStackEntry getBackStackEntryAt(int)
    501:505:public void addOnBackStackChangedListener(android.support.v4.app.FragmentManager$OnBackStackChangedListener)
    509:512:public void removeOnBackStackChangedListener(android.support.v4.app.FragmentManager$OnBackStackChangedListener)
    543:551:public android.support.v4.app.Fragment$SavedState saveFragmentInstanceState(android.support.v4.app.Fragment)
android.support.v4.app.FragmentManagerImpl$2
android.support.v4.app.FragmentManagerImpl$3
android.support.v4.app.FragmentManagerImpl$4
android.support.v4.app.FragmentPagerAdapter
android.support.v4.app.FragmentStatePagerAdapter